android/app/build/intermediates/manifest_merge_blame_file/release/processReleaseMainManifest/manifest-merger-blame-release-report.txt
1<?xml version="1.0" encoding="utf-8"?>
2<manifest xmlns:android="http://schemas.android.com/apk/res/android"
3    package="com.amzsoft.torentyou"
4    android:versionCode="3"
5    android:versionName="1.0.3" >
6
7    <uses-sdk
8        android:minSdkVersion="21"
9        android:targetSdkVersion="35" />
10    <!-- Location permissions -->
11    <uses-permission android:name="android.permission.ACCESS_FINE_LOCATION" />
11-->src/main/AndroidManifest.xml:4:5-79
11-->src/main/AndroidManifest.xml:4:22-76
12    <uses-permission android:name="android.permission.ACCESS_COARSE_LOCATION" />
12-->src/main/AndroidManifest.xml:5:5-81
12-->src/main/AndroidManifest.xml:5:22-78
13    <!-- Remove this if background location is not required -->
14    <uses-permission android:name="android.permission.ACCESS_BACKGROUND_LOCATION" />
14-->src/main/AndroidManifest.xml:7:5-85
14-->src/main/AndroidManifest.xml:7:22-82
15    <uses-permission android:name="android.permission.RECEIVE_BOOT_COMPLETED" />
15-->src/main/AndroidManifest.xml:8:5-81
15-->src/main/AndroidManifest.xml:8:22-78
16    <!-- Internet permission for network operations -->
17    <uses-permission android:name="android.permission.INTERNET" />
17-->src/main/AndroidManifest.xml:10:5-67
17-->src/main/AndroidManifest.xml:10:22-64
18    <uses-permission android:name="android.permission.ACCESS_NETWORK_STATE" />
18-->src/main/AndroidManifest.xml:11:5-79
18-->src/main/AndroidManifest.xml:11:22-76
19
20    <!-- Declare location feature for devices with GPS -->
21    <uses-feature android:name="android.hardware.location.gps" />
21-->src/main/AndroidManifest.xml:16:5-66
21-->src/main/AndroidManifest.xml:16:19-63
22
23    <!-- Required for querying apps that can handle PROCESS_TEXT intents -->
24    <queries>
24-->src/main/AndroidManifest.xml:79:5-84:15
25        <intent>
25-->src/main/AndroidManifest.xml:80:9-83:18
26            <action android:name="android.intent.action.PROCESS_TEXT" />
26-->src/main/AndroidManifest.xml:81:13-73
26-->src/main/AndroidManifest.xml:81:21-70
27
28            <data android:mimeType="text/plain" />
28-->src/main/AndroidManifest.xml:82:13-51
28-->src/main/AndroidManifest.xml:82:19-48
29        </intent>
30
31        <package android:name="com.phonepe.app" />
31-->[phonepe.intentsdk.android.release:IntentSDK:2.4.2] AndroidManifest.xml:8:9-51
31-->[phonepe.intentsdk.android.release:IntentSDK:2.4.2] AndroidManifest.xml:8:18-48
32        <package android:name="com.phonepe.app.preprod" />
32-->[phonepe.intentsdk.android.release:IntentSDK:2.4.2] AndroidManifest.xml:9:9-59
32-->[phonepe.intentsdk.android.release:IntentSDK:2.4.2] AndroidManifest.xml:9:18-56
33        <package android:name="com.phonepe.simulator" />
33-->[phonepe.intentsdk.android.release:IntentSDK:2.4.2] AndroidManifest.xml:10:9-57
33-->[phonepe.intentsdk.android.release:IntentSDK:2.4.2] AndroidManifest.xml:10:18-54
34        <package android:name="com.phonepe.simulator.debug" />
34-->[phonepe.intentsdk.android.release:IntentSDK:2.4.2] AndroidManifest.xml:11:9-63
34-->[phonepe.intentsdk.android.release:IntentSDK:2.4.2] AndroidManifest.xml:11:18-60
35
36        <intent>
36-->[phonepe.intentsdk.android.release:IntentSDK:2.4.2] AndroidManifest.xml:13:9-19:18
37            <action android:name="android.intent.action.VIEW" />
37-->src/main/AndroidManifest.xml:46:17-69
37-->src/main/AndroidManifest.xml:46:25-66
38
39            <data
39-->src/main/AndroidManifest.xml:82:13-51
40                android:host="pay"
41                android:scheme="upi" />
41-->src/main/AndroidManifest.xml:49:23-55
42        </intent>
43        <intent>
43-->[phonepe.intentsdk.android.release:IntentSDK:2.4.2] AndroidManifest.xml:20:9-26:18
44            <action android:name="android.intent.action.VIEW" />
44-->src/main/AndroidManifest.xml:46:17-69
44-->src/main/AndroidManifest.xml:46:25-66
45
46            <data
46-->src/main/AndroidManifest.xml:82:13-51
47                android:host="upi"
48                android:scheme="mandate" />
48-->src/main/AndroidManifest.xml:49:23-55
49        </intent>
50    </queries>
51
52    <uses-permission android:name="android.permission.WAKE_LOCK" /> <!-- Permissions options for the `notification` group -->
52-->[:firebase_messaging] AndroidManifest.xml:8:5-68
52-->[:firebase_messaging] AndroidManifest.xml:8:22-65
53    <uses-permission android:name="android.permission.POST_NOTIFICATIONS" /> <!-- Required by older versions of Google Play services to create IID tokens -->
53-->[:firebase_messaging] AndroidManifest.xml:11:5-77
53-->[:firebase_messaging] AndroidManifest.xml:11:22-74
54    <uses-permission android:name="com.google.android.c2dm.permission.RECEIVE" />
54-->[com.google.firebase:firebase-messaging:24.1.1] AndroidManifest.xml:26:5-82
54-->[com.google.firebase:firebase-messaging:24.1.1] AndroidManifest.xml:26:22-79
55
56    <meta-data
56-->[phonepe.intentsdk.android.release:IntentSDK:2.4.2] AndroidManifest.xml:32:5-34:32
57        android:name="android.webkit.WebView.EnableSafeBrowsing"
57-->[phonepe.intentsdk.android.release:IntentSDK:2.4.2] AndroidManifest.xml:33:9-65
58        android:value="true" />
58-->[phonepe.intentsdk.android.release:IntentSDK:2.4.2] AndroidManifest.xml:34:9-29
59
60    <permission
60-->[androidx.core:core:1.16.0] AndroidManifest.xml:22:5-24:47
61        android:name="com.amzsoft.torentyou.DYNAMIC_RECEIVER_NOT_EXPORTED_PERMISSION"
61-->[androidx.core:core:1.16.0] AndroidManifest.xml:23:9-81
62        android:protectionLevel="signature" />
62-->[androidx.core:core:1.16.0] AndroidManifest.xml:24:9-44
63
64    <uses-permission android:name="com.amzsoft.torentyou.DYNAMIC_RECEIVER_NOT_EXPORTED_PERMISSION" />
64-->[androidx.core:core:1.16.0] AndroidManifest.xml:26:5-97
64-->[androidx.core:core:1.16.0] AndroidManifest.xml:26:22-94
65
66    <application
67        android:name="android.app.Application"
67-->src/main/AndroidManifest.xml:20:9-42
68        android:appComponentFactory="androidx.core.app.CoreComponentFactory"
68-->[androidx.core:core:1.16.0] AndroidManifest.xml:28:18-86
69        android:extractNativeLibs="true"
70        android:icon="@mipmap/ic_launcher"
70-->src/main/AndroidManifest.xml:21:9-43
71        android:label="TRY" >
71-->src/main/AndroidManifest.xml:19:9-28
72
73        <!-- Main activity definition -->
74        <activity
74-->src/main/AndroidManifest.xml:24:9-52:20
75            android:name="com.amzsoft.torentyou.MainActivity"
75-->src/main/AndroidManifest.xml:25:13-41
76            android:configChanges="orientation|keyboardHidden|keyboard|screenSize|smallestScreenSize|locale|layoutDirection|fontScale|screenLayout|density|uiMode"
76-->src/main/AndroidManifest.xml:30:13-163
77            android:exported="true"
77-->src/main/AndroidManifest.xml:26:13-36
78            android:hardwareAccelerated="true"
78-->src/main/AndroidManifest.xml:31:13-47
79            android:launchMode="singleTop"
79-->src/main/AndroidManifest.xml:27:13-43
80            android:taskAffinity=""
80-->src/main/AndroidManifest.xml:28:13-36
81            android:theme="@style/LaunchTheme"
81-->src/main/AndroidManifest.xml:29:13-47
82            android:windowSoftInputMode="adjustResize" >
82-->src/main/AndroidManifest.xml:32:13-55
83
84            <!-- Specifies a launch theme while the Flutter UI initializes -->
85            <meta-data
85-->src/main/AndroidManifest.xml:35:13-37:57
86                android:name="io.flutter.embedding.android.NormalTheme"
86-->src/main/AndroidManifest.xml:36:17-72
87                android:resource="@style/NormalTheme" />
87-->src/main/AndroidManifest.xml:37:17-54
88
89            <!-- Main launcher intent -->
90            <intent-filter>
90-->src/main/AndroidManifest.xml:40:13-43:29
91                <action android:name="android.intent.action.MAIN" />
91-->src/main/AndroidManifest.xml:41:17-69
91-->src/main/AndroidManifest.xml:41:25-66
92
93                <category android:name="android.intent.category.LAUNCHER" />
93-->src/main/AndroidManifest.xml:42:17-77
93-->src/main/AndroidManifest.xml:42:27-74
94            </intent-filter>
95            <intent-filter>
95-->src/main/AndroidManifest.xml:45:13-50:29
96                <action android:name="android.intent.action.VIEW" />
96-->src/main/AndroidManifest.xml:46:17-69
96-->src/main/AndroidManifest.xml:46:25-66
97
98                <category android:name="android.intent.category.DEFAULT" />
98-->src/main/AndroidManifest.xml:47:17-76
98-->src/main/AndroidManifest.xml:47:27-73
99                <category android:name="android.intent.category.BROWSABLE" />
99-->src/main/AndroidManifest.xml:48:17-78
99-->src/main/AndroidManifest.xml:48:27-75
100
101                <data android:scheme="com.amzsoft.try" />
101-->src/main/AndroidManifest.xml:82:13-51
101-->src/main/AndroidManifest.xml:49:23-55
102            </intent-filter>
103        </activity>
104
105        <!-- Required for Flutter's generated plugin registrant -->
106        <meta-data
106-->src/main/AndroidManifest.xml:55:9-57:33
107            android:name="flutterEmbedding"
107-->src/main/AndroidManifest.xml:56:13-44
108            android:value="2" />
108-->src/main/AndroidManifest.xml:57:13-30
109        <meta-data
109-->src/main/AndroidManifest.xml:58:9-60:70
110            android:name="com.google.android.geo.API_KEY"
110-->src/main/AndroidManifest.xml:59:13-58
111            android:value="AIzaSyBd98NLneHO0QtwIvzfaLrkG4HMU1MdD_E" />
111-->src/main/AndroidManifest.xml:60:13-68
112        <meta-data
112-->src/main/AndroidManifest.xml:63:9-87
113            android:name="com.phonepe.android.sdk.isUAT"
113-->src/main/AndroidManifest.xml:63:20-64
114            android:value="true" />
114-->src/main/AndroidManifest.xml:63:65-85
115        <meta-data
115-->src/main/AndroidManifest.xml:64:9-93
116            android:name="com.phonepe.android.sdk.isSimulator"
116-->src/main/AndroidManifest.xml:64:20-70
117            android:value="true" />
117-->src/main/AndroidManifest.xml:64:71-91
118        <meta-data
118-->src/main/AndroidManifest.xml:65:9-100
119            android:name="com.phonepe.android.sdk.MerchantId"
119-->src/main/AndroidManifest.xml:65:20-69
120            android:value="PGTESTPAYUAT" />
120-->src/main/AndroidManifest.xml:65:70-98
121
122        <service
122-->src/main/AndroidManifest.xml:67:9-74:19
123            android:name="com.google.firebase.messaging.FirebaseMessagingService"
123-->src/main/AndroidManifest.xml:68:13-82
124            android:directBootAware="true"
124-->[com.google.firebase:firebase-messaging:24.1.1] AndroidManifest.xml:48:13-43
125            android:exported="true" >
125-->src/main/AndroidManifest.xml:69:13-36
126            <intent-filter>
126-->src/main/AndroidManifest.xml:71:13-73:29
127                <action android:name="com.google.firebase.MESSAGING_EVENT" />
127-->src/main/AndroidManifest.xml:72:17-77
127-->src/main/AndroidManifest.xml:72:25-75
128            </intent-filter>
129            <intent-filter android:priority="-500" >
129-->src/main/AndroidManifest.xml:71:13-73:29
130                <action android:name="com.google.firebase.MESSAGING_EVENT" />
130-->src/main/AndroidManifest.xml:72:17-77
130-->src/main/AndroidManifest.xml:72:25-75
131            </intent-filter>
132        </service>
133
134        <!--
135           Declares a provider which allows us to store files to share in
136           '.../caches/share_plus' and grant the receiving action access
137        -->
138        <provider
138-->[:share_plus] AndroidManifest.xml:13:9-21:20
139            android:name="dev.fluttercommunity.plus.share.ShareFileProvider"
139-->[:share_plus] AndroidManifest.xml:14:13-77
140            android:authorities="com.amzsoft.torentyou.flutter.share_provider"
140-->[:share_plus] AndroidManifest.xml:15:13-74
141            android:exported="false"
141-->[:share_plus] AndroidManifest.xml:16:13-37
142            android:grantUriPermissions="true" >
142-->[:share_plus] AndroidManifest.xml:17:13-47
143            <meta-data
143-->[:share_plus] AndroidManifest.xml:18:13-20:68
144                android:name="android.support.FILE_PROVIDER_PATHS"
144-->[:share_plus] AndroidManifest.xml:19:17-67
145                android:resource="@xml/flutter_share_file_paths" />
145-->[:share_plus] AndroidManifest.xml:20:17-65
146        </provider>
147        <!--
148           This manifest declared broadcast receiver allows us to use an explicit
149           Intent when creating a PendingItent to be informed of the user's choice
150        -->
151        <receiver
151-->[:share_plus] AndroidManifest.xml:26:9-32:20
152            android:name="dev.fluttercommunity.plus.share.SharePlusPendingIntent"
152-->[:share_plus] AndroidManifest.xml:27:13-82
153            android:exported="false" >
153-->[:share_plus] AndroidManifest.xml:28:13-37
154            <intent-filter>
154-->[:share_plus] AndroidManifest.xml:29:13-31:29
155                <action android:name="EXTRA_CHOSEN_COMPONENT" />
155-->[:share_plus] AndroidManifest.xml:30:17-65
155-->[:share_plus] AndroidManifest.xml:30:25-62
156            </intent-filter>
157        </receiver>
158
159        <service
159-->[:cloud_firestore] AndroidManifest.xml:8:9-12:19
160            android:name="com.google.firebase.components.ComponentDiscoveryService"
160-->[:cloud_firestore] AndroidManifest.xml:8:18-89
161            android:directBootAware="true"
161-->[com.google.firebase:firebase-common:21.0.0] AndroidManifest.xml:32:13-43
162            android:exported="false" >
162-->[com.google.firebase:firebase-firestore:25.1.3] AndroidManifest.xml:16:13-37
163            <meta-data
163-->[:cloud_firestore] AndroidManifest.xml:9:13-11:85
164                android:name="com.google.firebase.components:io.flutter.plugins.firebase.firestore.FlutterFirebaseFirestoreRegistrar"
164-->[:cloud_firestore] AndroidManifest.xml:10:17-134
165                android:value="com.google.firebase.components.ComponentRegistrar" />
165-->[:cloud_firestore] AndroidManifest.xml:11:17-82
166            <meta-data
166-->[:firebase_messaging] AndroidManifest.xml:36:13-38:85
167                android:name="com.google.firebase.components:io.flutter.plugins.firebase.messaging.FlutterFirebaseAppRegistrar"
167-->[:firebase_messaging] AndroidManifest.xml:37:17-128
168                android:value="com.google.firebase.components.ComponentRegistrar" />
168-->[:firebase_messaging] AndroidManifest.xml:38:17-82
169            <meta-data
169-->[:firebase_storage] AndroidManifest.xml:9:13-11:85
170                android:name="com.google.firebase.components:io.flutter.plugins.firebase.storage.FlutterFirebaseAppRegistrar"
170-->[:firebase_storage] AndroidManifest.xml:10:17-126
171                android:value="com.google.firebase.components.ComponentRegistrar" />
171-->[:firebase_storage] AndroidManifest.xml:11:17-82
172            <meta-data
172-->[:firebase_core] AndroidManifest.xml:9:13-11:85
173                android:name="com.google.firebase.components:io.flutter.plugins.firebase.core.FlutterFirebaseCoreRegistrar"
173-->[:firebase_core] AndroidManifest.xml:10:17-124
174                android:value="com.google.firebase.components.ComponentRegistrar" />
174-->[:firebase_core] AndroidManifest.xml:11:17-82
175            <meta-data
175-->[com.google.firebase:firebase-firestore:25.1.3] AndroidManifest.xml:17:13-19:85
176                android:name="com.google.firebase.components:com.google.firebase.firestore.FirebaseFirestoreKtxRegistrar"
176-->[com.google.firebase:firebase-firestore:25.1.3] AndroidManifest.xml:18:17-122
177                android:value="com.google.firebase.components.ComponentRegistrar" />
177-->[com.google.firebase:firebase-firestore:25.1.3] AndroidManifest.xml:19:17-82
178            <meta-data
178-->[com.google.firebase:firebase-firestore:25.1.3] AndroidManifest.xml:20:13-22:85
179                android:name="com.google.firebase.components:com.google.firebase.firestore.FirestoreRegistrar"
179-->[com.google.firebase:firebase-firestore:25.1.3] AndroidManifest.xml:21:17-111
180                android:value="com.google.firebase.components.ComponentRegistrar" />
180-->[com.google.firebase:firebase-firestore:25.1.3] AndroidManifest.xml:22:17-82
181            <meta-data
181-->[com.google.firebase:firebase-messaging:24.1.1] AndroidManifest.xml:57:13-59:85
182                android:name="com.google.firebase.components:com.google.firebase.messaging.FirebaseMessagingKtxRegistrar"
182-->[com.google.firebase:firebase-messaging:24.1.1] AndroidManifest.xml:58:17-122
183                android:value="com.google.firebase.components.ComponentRegistrar" />
183-->[com.google.firebase:firebase-messaging:24.1.1] AndroidManifest.xml:59:17-82
184            <meta-data
184-->[com.google.firebase:firebase-messaging:24.1.1] AndroidManifest.xml:60:13-62:85
185                android:name="com.google.firebase.components:com.google.firebase.messaging.FirebaseMessagingRegistrar"
185-->[com.google.firebase:firebase-messaging:24.1.1] AndroidManifest.xml:61:17-119
186                android:value="com.google.firebase.components.ComponentRegistrar" />
186-->[com.google.firebase:firebase-messaging:24.1.1] AndroidManifest.xml:62:17-82
187            <meta-data
187-->[com.google.firebase:firebase-storage:21.0.1] AndroidManifest.xml:30:13-32:85
188                android:name="com.google.firebase.components:com.google.firebase.storage.FirebaseStorageKtxRegistrar"
188-->[com.google.firebase:firebase-storage:21.0.1] AndroidManifest.xml:31:17-118
189                android:value="com.google.firebase.components.ComponentRegistrar" />
189-->[com.google.firebase:firebase-storage:21.0.1] AndroidManifest.xml:32:17-82
190            <meta-data
190-->[com.google.firebase:firebase-storage:21.0.1] AndroidManifest.xml:33:13-35:85
191                android:name="com.google.firebase.components:com.google.firebase.storage.StorageRegistrar"
191-->[com.google.firebase:firebase-storage:21.0.1] AndroidManifest.xml:34:17-107
192                android:value="com.google.firebase.components.ComponentRegistrar" />
192-->[com.google.firebase:firebase-storage:21.0.1] AndroidManifest.xml:35:17-82
193            <meta-data
193-->[com.google.firebase:firebase-installations:18.0.0] AndroidManifest.xml:15:13-17:85
194                android:name="com.google.firebase.components:com.google.firebase.installations.FirebaseInstallationsKtxRegistrar"
194-->[com.google.firebase:firebase-installations:18.0.0] AndroidManifest.xml:16:17-130
195                android:value="com.google.firebase.components.ComponentRegistrar" />
195-->[com.google.firebase:firebase-installations:18.0.0] AndroidManifest.xml:17:17-82
196            <meta-data
196-->[com.google.firebase:firebase-installations:18.0.0] AndroidManifest.xml:18:13-20:85
197                android:name="com.google.firebase.components:com.google.firebase.installations.FirebaseInstallationsRegistrar"
197-->[com.google.firebase:firebase-installations:18.0.0] AndroidManifest.xml:19:17-127
198                android:value="com.google.firebase.components.ComponentRegistrar" />
198-->[com.google.firebase:firebase-installations:18.0.0] AndroidManifest.xml:20:17-82
199            <meta-data
199-->[com.google.firebase:firebase-appcheck:18.0.0] AndroidManifest.xml:25:13-27:85
200                android:name="com.google.firebase.components:com.google.firebase.appcheck.FirebaseAppCheckKtxRegistrar"
200-->[com.google.firebase:firebase-appcheck:18.0.0] AndroidManifest.xml:26:17-120
201                android:value="com.google.firebase.components.ComponentRegistrar" />
201-->[com.google.firebase:firebase-appcheck:18.0.0] AndroidManifest.xml:27:17-82
202            <meta-data
202-->[com.google.firebase:firebase-appcheck:18.0.0] AndroidManifest.xml:28:13-30:85
203                android:name="com.google.firebase.components:com.google.firebase.appcheck.FirebaseAppCheckRegistrar"
203-->[com.google.firebase:firebase-appcheck:18.0.0] AndroidManifest.xml:29:17-117
204                android:value="com.google.firebase.components.ComponentRegistrar" />
204-->[com.google.firebase:firebase-appcheck:18.0.0] AndroidManifest.xml:30:17-82
205            <meta-data
205-->[com.google.firebase:firebase-common-ktx:21.0.0] AndroidManifest.xml:12:13-14:85
206                android:name="com.google.firebase.components:com.google.firebase.ktx.FirebaseCommonLegacyRegistrar"
206-->[com.google.firebase:firebase-common-ktx:21.0.0] AndroidManifest.xml:13:17-116
207                android:value="com.google.firebase.components.ComponentRegistrar" />
207-->[com.google.firebase:firebase-common-ktx:21.0.0] AndroidManifest.xml:14:17-82
208            <meta-data
208-->[com.google.firebase:firebase-common:21.0.0] AndroidManifest.xml:35:13-37:85
209                android:name="com.google.firebase.components:com.google.firebase.FirebaseCommonKtxRegistrar"
209-->[com.google.firebase:firebase-common:21.0.0] AndroidManifest.xml:36:17-109
210                android:value="com.google.firebase.components.ComponentRegistrar" />
210-->[com.google.firebase:firebase-common:21.0.0] AndroidManifest.xml:37:17-82
211            <meta-data
211-->[com.google.firebase:firebase-datatransport:18.2.0] AndroidManifest.xml:25:13-27:85
212                android:name="com.google.firebase.components:com.google.firebase.datatransport.TransportRegistrar"
212-->[com.google.firebase:firebase-datatransport:18.2.0] AndroidManifest.xml:26:17-115
213                android:value="com.google.firebase.components.ComponentRegistrar" />
213-->[com.google.firebase:firebase-datatransport:18.2.0] AndroidManifest.xml:27:17-82
214        </service>
215        <service
215-->[:firebase_messaging] AndroidManifest.xml:14:9-17:72
216            android:name="io.flutter.plugins.firebase.messaging.FlutterFirebaseMessagingBackgroundService"
216-->[:firebase_messaging] AndroidManifest.xml:15:13-107
217            android:exported="false"
217-->[:firebase_messaging] AndroidManifest.xml:16:13-37
218            android:permission="android.permission.BIND_JOB_SERVICE" />
218-->[:firebase_messaging] AndroidManifest.xml:17:13-69
219        <service
219-->[:firebase_messaging] AndroidManifest.xml:18:9-24:19
220            android:name="io.flutter.plugins.firebase.messaging.FlutterFirebaseMessagingService"
220-->[:firebase_messaging] AndroidManifest.xml:19:13-97
221            android:exported="false" >
221-->[:firebase_messaging] AndroidManifest.xml:20:13-37
222            <intent-filter>
222-->src/main/AndroidManifest.xml:71:13-73:29
223                <action android:name="com.google.firebase.MESSAGING_EVENT" />
223-->src/main/AndroidManifest.xml:72:17-77
223-->src/main/AndroidManifest.xml:72:25-75
224            </intent-filter>
225        </service>
226
227        <receiver
227-->[:firebase_messaging] AndroidManifest.xml:26:9-33:20
228            android:name="io.flutter.plugins.firebase.messaging.FlutterFirebaseMessagingReceiver"
228-->[:firebase_messaging] AndroidManifest.xml:27:13-98
229            android:exported="true"
229-->[:firebase_messaging] AndroidManifest.xml:28:13-36
230            android:permission="com.google.android.c2dm.permission.SEND" >
230-->[:firebase_messaging] AndroidManifest.xml:29:13-73
231            <intent-filter>
231-->[:firebase_messaging] AndroidManifest.xml:30:13-32:29
232                <action android:name="com.google.android.c2dm.intent.RECEIVE" />
232-->[:firebase_messaging] AndroidManifest.xml:31:17-81
232-->[:firebase_messaging] AndroidManifest.xml:31:25-78
233            </intent-filter>
234        </receiver>
235
236        <provider
236-->[:firebase_messaging] AndroidManifest.xml:41:9-45:38
237            android:name="io.flutter.plugins.firebase.messaging.FlutterFirebaseMessagingInitProvider"
237-->[:firebase_messaging] AndroidManifest.xml:42:13-102
238            android:authorities="com.amzsoft.torentyou.flutterfirebasemessaginginitprovider"
238-->[:firebase_messaging] AndroidManifest.xml:43:13-88
239            android:exported="false"
239-->[:firebase_messaging] AndroidManifest.xml:44:13-37
240            android:initOrder="99" />
240-->[:firebase_messaging] AndroidManifest.xml:45:13-35
241
242        <receiver
242-->[com.google.firebase:firebase-messaging:24.1.1] AndroidManifest.xml:29:9-40:20
243            android:name="com.google.firebase.iid.FirebaseInstanceIdReceiver"
243-->[com.google.firebase:firebase-messaging:24.1.1] AndroidManifest.xml:30:13-78
244            android:exported="true"
244-->[com.google.firebase:firebase-messaging:24.1.1] AndroidManifest.xml:31:13-36
245            android:permission="com.google.android.c2dm.permission.SEND" >
245-->[com.google.firebase:firebase-messaging:24.1.1] AndroidManifest.xml:32:13-73
246            <intent-filter>
246-->[:firebase_messaging] AndroidManifest.xml:30:13-32:29
247                <action android:name="com.google.android.c2dm.intent.RECEIVE" />
247-->[:firebase_messaging] AndroidManifest.xml:31:17-81
247-->[:firebase_messaging] AndroidManifest.xml:31:25-78
248            </intent-filter>
249
250            <meta-data
250-->[com.google.firebase:firebase-messaging:24.1.1] AndroidManifest.xml:37:13-39:40
251                android:name="com.google.android.gms.cloudmessaging.FINISHED_AFTER_HANDLED"
251-->[com.google.firebase:firebase-messaging:24.1.1] AndroidManifest.xml:38:17-92
252                android:value="true" />
252-->[com.google.firebase:firebase-messaging:24.1.1] AndroidManifest.xml:39:17-37
253        </receiver>
254
255        <service
255-->[:geolocator_android] AndroidManifest.xml:8:9-12:56
256            android:name="com.baseflow.geolocator.GeolocatorLocationService"
256-->[:geolocator_android] AndroidManifest.xml:9:13-77
257            android:enabled="true"
257-->[:geolocator_android] AndroidManifest.xml:10:13-35
258            android:exported="false"
258-->[:geolocator_android] AndroidManifest.xml:11:13-37
259            android:foregroundServiceType="location" />
259-->[:geolocator_android] AndroidManifest.xml:12:13-53
260
261        <provider
261-->[:image_picker_android] AndroidManifest.xml:9:9-17:20
262            android:name="io.flutter.plugins.imagepicker.ImagePickerFileProvider"
262-->[:image_picker_android] AndroidManifest.xml:10:13-82
263            android:authorities="com.amzsoft.torentyou.flutter.image_provider"
263-->[:image_picker_android] AndroidManifest.xml:11:13-74
264            android:exported="false"
264-->[:image_picker_android] AndroidManifest.xml:12:13-37
265            android:grantUriPermissions="true" >
265-->[:image_picker_android] AndroidManifest.xml:13:13-47
266            <meta-data
266-->[:share_plus] AndroidManifest.xml:18:13-20:68
267                android:name="android.support.FILE_PROVIDER_PATHS"
267-->[:share_plus] AndroidManifest.xml:19:17-67
268                android:resource="@xml/flutter_image_picker_file_paths" />
268-->[:share_plus] AndroidManifest.xml:20:17-65
269        </provider> <!-- Trigger Google Play services to install the backported photo picker module. -->
270        <service
270-->[:image_picker_android] AndroidManifest.xml:19:9-31:19
271            android:name="com.google.android.gms.metadata.ModuleDependencies"
271-->[:image_picker_android] AndroidManifest.xml:20:13-78
272            android:enabled="false"
272-->[:image_picker_android] AndroidManifest.xml:21:13-36
273            android:exported="false" >
273-->[:image_picker_android] AndroidManifest.xml:22:13-37
274            <intent-filter>
274-->[:image_picker_android] AndroidManifest.xml:24:13-26:29
275                <action android:name="com.google.android.gms.metadata.MODULE_DEPENDENCIES" />
275-->[:image_picker_android] AndroidManifest.xml:25:17-94
275-->[:image_picker_android] AndroidManifest.xml:25:25-91
276            </intent-filter>
277
278            <meta-data
278-->[:image_picker_android] AndroidManifest.xml:28:13-30:36
279                android:name="photopicker_activity:0:required"
279-->[:image_picker_android] AndroidManifest.xml:29:17-63
280                android:value="" />
280-->[:image_picker_android] AndroidManifest.xml:30:17-33
281        </service>
282
283        <activity
283-->[com.google.android.gms:play-services-auth:21.2.0] AndroidManifest.xml:23:9-27:75
284            android:name="com.google.android.gms.auth.api.signin.internal.SignInHubActivity"
284-->[com.google.android.gms:play-services-auth:21.2.0] AndroidManifest.xml:24:13-93
285            android:excludeFromRecents="true"
285-->[com.google.android.gms:play-services-auth:21.2.0] AndroidManifest.xml:25:13-46
286            android:exported="false"
286-->[com.google.android.gms:play-services-auth:21.2.0] AndroidManifest.xml:26:13-37
287            android:theme="@android:style/Theme.Translucent.NoTitleBar" />
287-->[com.google.android.gms:play-services-auth:21.2.0] AndroidManifest.xml:27:13-72
288        <!--
289            Service handling Google Sign-In user revocation. For apps that do not integrate with
290            Google Sign-In, this service will never be started.
291        -->
292        <service
292-->[com.google.android.gms:play-services-auth:21.2.0] AndroidManifest.xml:33:9-37:51
293            android:name="com.google.android.gms.auth.api.signin.RevocationBoundService"
293-->[com.google.android.gms:play-services-auth:21.2.0] AndroidManifest.xml:34:13-89
294            android:exported="true"
294-->[com.google.android.gms:play-services-auth:21.2.0] AndroidManifest.xml:35:13-36
295            android:permission="com.google.android.gms.auth.api.signin.permission.REVOCATION_NOTIFICATION"
295-->[com.google.android.gms:play-services-auth:21.2.0] AndroidManifest.xml:36:13-107
296            android:visibleToInstantApps="true" />
296-->[com.google.android.gms:play-services-auth:21.2.0] AndroidManifest.xml:37:13-48
297
298        <provider
298-->[com.google.firebase:firebase-common:21.0.0] AndroidManifest.xml:23:9-28:39
299            android:name="com.google.firebase.provider.FirebaseInitProvider"
299-->[com.google.firebase:firebase-common:21.0.0] AndroidManifest.xml:24:13-77